{
  "RSpec": {
    "coverage": {
      "/home/dev/Desktop/Ramesh/Sample Apps/TicketManagement/app/controllers/application_controller.rb": [
        1,
        null,
        1,
        1,
        null,
        1,
        null,
        1,
        0,
        null,
        null,
        1,
        0,
        null,
        null,
        1,
        0,
        null,
        null,
        1,
        0,
        null,
        null,
        1,
        0,
        null,
        null,
        1,
        0,
        0,
        0,
        0,
        null,
        null,
        1,
        0,
        0,
        0,
        null,
        0,
        null,
        null,
        null
      ],
      "/home/dev/Desktop/Ramesh/Sample Apps/TicketManagement/app/helpers/application_helper.rb": [
        1,
        1,
        0,
        0,
        0,
        null,
        0,
        null,
        null,
        1,
        0,
        0,
        0,
        null,
        null,
        null
      ],
      "/home/dev/Desktop/Ramesh/Sample Apps/TicketManagement/app/helpers/session_helper.rb": [
        1,
        null
      ],
      "/home/dev/Desktop/Ramesh/Sample Apps/TicketManagement/app/helpers/welcome_helper.rb": [
        1,
        null
      ],
      "/home/dev/Desktop/Ramesh/Sample Apps/TicketManagement/app/controllers/session_controller.rb": [
        1,
        1,
        null,
        1,
        0,
        0,
        null,
        null,
        1,
        null,
        1,
        0,
        0,
        0,
        0,
        0,
        null,
        0,
        0,
        null,
        null,
        0,
        0,
        null,
        null,
        null,
        1,
        null,
        1,
        0,
        0,
        0,
        0,
        0,
        0,
        0,
        0,
        0,
        0,
        null,
        0,
        null,
        0,
        null,
        null,
        null,
        1,
        0,
        0,
        null,
        null,
        1,
        null,
        1,
        0,
        null,
        null
      ],
      "/home/dev/Desktop/Ramesh/Sample Apps/TicketManagement/app/controllers/welcome_controller.rb": [
        1,
        1,
        null
      ],
      "/home/dev/Desktop/Ramesh/Sample Apps/TicketManagement/app/models/contact_info.rb": [
        1,
        1,
        1,
        1,
        null,
        null
      ],
      "/home/dev/Desktop/Ramesh/Sample Apps/TicketManagement/app/models/user.rb": [
        1,
        1,
        1,
        1,
        null,
        1,
        1,
        null,
        1,
        1,
        1,
        1,
        1,
        1,
        1,
        1,
        null,
        4,
        null
      ],
      "/home/dev/Desktop/Ramesh/Sample Apps/TicketManagement/app/models/user_pass.rb": [
        1,
        1,
        1,
        1,
        1,
        1,
        1,
        null,
        1,
        0,
        0,
        0,
        null,
        null,
        1,
        0,
        null,
        null,
        1,
        0,
        null,
        null,
        1,
        0,
        null,
        null,
        1,
        0,
        0,
        null,
        null,
        null
      ]
    },
    "timestamp": 1375874646
  },
  "Unknown Test Framework": {
    "coverage": {
    },
    "timestamp": 1375873689
  }
}
